
Subcircuit summary:
Circuit 1: ckgen_b                         |Circuit 2: ckgen_b                         
-------------------------------------------|-------------------------------------------
and2_b (1)                                 |and2_b (1)                                 
inv_b (2)                                  |inv_b (2)                                  
dlybuf_b (2)                               |dlybuf_b (2)                               
nor2_b (1)                                 |nor2_b (1)                                 
Number of devices: 6                       |Number of devices: 6                       
Number of nets: 9                          |Number of nets: 9                          
---------------------------------------------------------------------------------------
Circuits match uniquely.
Netlists match uniquely.

Subcircuit pins:
Circuit 1: ckgen_b                         |Circuit 2: ckgen_b                         
-------------------------------------------|-------------------------------------------
ck                                         |ck                                         
nck                                        |nck                                        
ckin                                       |ckin                                       
vdd                                        |vdd                                        
vss                                        |vss                                        
---------------------------------------------------------------------------------------
Cell pin lists are equivalent.
Device classes ckgen_b and ckgen_b are equivalent.
Circuits match uniquely.
