Netgen 1.5.115 compiled on Tue Feb 12 19:57:21 PST 2019
Warning: netgen command 'global' use fully-qualified name '::netgen::global'
Reading netlist file ../mag/ckgen_b.sp
Call to undefined subcircuit and2_b
Creating placeholder cell definition.
Call to undefined subcircuit inv_b
Creating placeholder cell definition.
Call to undefined subcircuit dlybuf_b
Creating placeholder cell definition.
Call to undefined subcircuit nor2_b
Creating placeholder cell definition.
Reading netlist file ../ps/ckgen_b.sp
Call to undefined subcircuit dlybuf_b
Creating placeholder cell definition.
Call to undefined subcircuit and2_b
Creating placeholder cell definition.
Call to undefined subcircuit inv_b
Creating placeholder cell definition.
Call to undefined subcircuit nor2_b
Creating placeholder cell definition.
Reading setup file setup.lvs.tcl
Error setup.lvs.tcl:2 (ignoring), No such cell!
Error setup.lvs.tcl:3 (ignoring), No such cell!
Error setup.lvs.tcl:4 (ignoring), No such cell!
Warning:  There were errors reading the setup file
Comparison output logged to file ckgen_b.comp.log
Logging to file "ckgen_b.comp.log" enabled
Contents of circuit 1:  Circuit: 'ckgen_b'
Circuit ckgen_b contains 6 device instances.
  Class: and2_b                instances:   1
  Class: inv_b                 instances:   2
  Class: dlybuf_b              instances:   2
  Class: nor2_b                instances:   1
Circuit contains 12 nets.
Contents of circuit 2:  Circuit: 'ckgen_b'
Circuit ckgen_b contains 6 device instances.
  Class: and2_b                instances:   1
  Class: inv_b                 instances:   2
  Class: dlybuf_b              instances:   2
  Class: nor2_b                instances:   1
Circuit contains 9 nets.

Circuit 1 contains 6 devices, Circuit 2 contains 6 devices.
Circuit 1 contains 9 nets,    Circuit 2 contains 9 nets.

Netlists match uniquely.
Result: Circuits match uniquely.
Logging to file "ckgen_b.comp.log" disabled
LVS Done.
Circuits match uniquely.
