Netgen 1.5.115 compiled on Tue Feb 12 19:57:21 PST 2019
Warning: netgen command 'global' use fully-qualified name '::netgen::global'
Reading netlist file ../mag/dffposx1.sp
Reading netlist file ../ps/dffposx1.sp
Reading setup file setup.lvs.tcl
No property as found for device nfet
No property ad found for device nfet
No property ps found for device nfet
No property pd found for device nfet
No property as found for device pfet
No property ad found for device pfet
No property ps found for device pfet
No property pd found for device pfet
Error setup.lvs.tcl:4 (ignoring), No such cell!
Warning:  There were errors reading the setup file
Comparison output logged to file dffposx1.comp.log
Logging to file "dffposx1.comp.log" enabled
Contents of circuit 1:  Circuit: 'dffposx1'
Circuit dffposx1 contains 22 device instances.
  Class: pfet                  instances:  11
  Class: nfet                  instances:  11
Circuit contains 18 nets.
Contents of circuit 2:  Circuit: 'dffposx1'
Circuit dffposx1 contains 22 device instances.
  Class: pfet                  instances:  11
  Class: nfet                  instances:  11
Circuit contains 17 nets.

Circuit 1 contains 22 devices, Circuit 2 contains 22 devices.
Circuit 1 contains 17 nets,    Circuit 2 contains 17 nets.

Netlists match uniquely.
Result: Circuits match uniquely.
Logging to file "dffposx1.comp.log" disabled
LVS Done.
Circuits match uniquely.
