
Subcircuit summary:
Circuit 1: dlybuf_b                        |Circuit 2: dlybuf_b                        
-------------------------------------------|-------------------------------------------
dlyinv_b (2)                               |dlyinv_b (2)                               
Number of devices: 2                       |Number of devices: 2                       
Number of nets: 5                          |Number of nets: 5                          
---------------------------------------------------------------------------------------
Circuits match uniquely.
Netlists match uniquely.

Subcircuit pins:
Circuit 1: dlybuf_b                        |Circuit 2: dlybuf_b                        
-------------------------------------------|-------------------------------------------
vdd                                        |vdd                                        
vss                                        |vss                                        
z                                          |z                                          
a                                          |a                                          
---------------------------------------------------------------------------------------
Cell pin lists are equivalent.
Device classes dlybuf_b and dlybuf_b are equivalent.
Circuits match uniquely.
