
Subcircuit summary:
Circuit 1: dlyinv_b                        |Circuit 2: dlyinv_b                        
-------------------------------------------|-------------------------------------------
phrResistor (1)                            |phrResistor (1)                            
pfet (1)                                   |pfet (1)                                   
nfet (1)                                   |nfet (1)                                   
Number of devices: 3                       |Number of devices: 3                       
Number of nets: 5                          |Number of nets: 5                          
---------------------------------------------------------------------------------------
Circuits match uniquely.
Netlists match uniquely.

Subcircuit pins:
Circuit 1: dlyinv_b                        |Circuit 2: dlyinv_b                        
-------------------------------------------|-------------------------------------------
vss                                        |vss                                        
vdd                                        |vdd                                        
a                                          |a                                          
z                                          |z                                          
---------------------------------------------------------------------------------------
Cell pin lists are equivalent.
Device classes dlyinv_b and dlyinv_b are equivalent.
Circuits match uniquely.
