Netgen 1.5.115 compiled on Tue Feb 12 19:57:21 PST 2019
Warning: netgen command 'global' use fully-qualified name '::netgen::global'
Reading netlist file ../mag/inv_b.sp
Reading netlist file ../ps/inv_b.sp
Reading setup file setup.lvs.tcl
No property as found for device nfet
No property ad found for device nfet
No property ps found for device nfet
No property pd found for device nfet
No property as found for device pfet
No property ad found for device pfet
No property ps found for device pfet
No property pd found for device pfet
Error setup.lvs.tcl:4 (ignoring), No such cell!
Warning:  There were errors reading the setup file
Comparison output logged to file inv_b.comp.log
Logging to file "inv_b.comp.log" enabled
Contents of circuit 1:  Circuit: 'inv_b'
Circuit inv_b contains 2 device instances.
  Class: pfet                  instances:   1
  Class: nfet                  instances:   1
Circuit contains 5 nets.
Contents of circuit 2:  Circuit: 'inv_b'
Circuit inv_b contains 2 device instances.
  Class: pfet                  instances:   1
  Class: nfet                  instances:   1
Circuit contains 4 nets.

Circuit 1 contains 2 devices, Circuit 2 contains 2 devices.
Circuit 1 contains 4 nets,    Circuit 2 contains 4 nets.

Netlists match uniquely.
Result: Circuits match uniquely.
Logging to file "inv_b.comp.log" disabled
LVS Done.
Circuits match uniquely.
