
Subcircuit summary:
Circuit 1: nand2_b                         |Circuit 2: nand2_b                         
-------------------------------------------|-------------------------------------------
pfet (2)                                   |pfet (2)                                   
nfet (2)                                   |nfet (2)                                   
Number of devices: 4                       |Number of devices: 4                       
Number of nets: 6                          |Number of nets: 6                          
---------------------------------------------------------------------------------------
Circuits match uniquely.
Netlists match uniquely.

Subcircuit pins:
Circuit 1: nand2_b                         |Circuit 2: nand2_b                         
-------------------------------------------|-------------------------------------------
vdd                                        |vdd                                        
b                                          |b                                          
a                                          |a                                          
vss                                        |vss                                        
z                                          |z                                          
---------------------------------------------------------------------------------------
Cell pin lists are equivalent.
Device classes nand2_b and nand2_b are equivalent.
Circuits match uniquely.
