
Subcircuit summary:
Circuit 1: nand2_c                         |Circuit 2: nand2_c                         
-------------------------------------------|-------------------------------------------
pfet (2)                                   |pfet (2)                                   
nfet (4)                                   |nfet (4)                                   
Number of devices: 6                       |Number of devices: 6                       
Number of nets: 7                          |Number of nets: 7                          
---------------------------------------------------------------------------------------
Netlists match uniquely.
Circuits match correctly.

Subcircuit pins:
Circuit 1: nand2_c                         |Circuit 2: nand2_c                         
-------------------------------------------|-------------------------------------------
vss                                        |vss                                        
a                                          |a                                          
b                                          |b                                          
z                                          |z                                          
vdd                                        |vdd                                        
---------------------------------------------------------------------------------------
Cell pin lists are equivalent.
Device classes nand2_c and nand2_c are equivalent.
Circuits match uniquely.
