
Subcircuit summary:
Circuit 1: nor2_b                          |Circuit 2: nor2_b                          
-------------------------------------------|-------------------------------------------
pfet (2)                                   |pfet (2)                                   
nfet (2)                                   |nfet (2)                                   
Number of devices: 4                       |Number of devices: 4                       
Number of nets: 6                          |Number of nets: 6                          
---------------------------------------------------------------------------------------
Circuits match uniquely.
Netlists match uniquely.

Subcircuit pins:
Circuit 1: nor2_b                          |Circuit 2: nor2_b                          
-------------------------------------------|-------------------------------------------
vss                                        |vss                                        
vdd                                        |vdd                                        
z                                          |z                                          
b                                          |b                                          
a                                          |a                                          
---------------------------------------------------------------------------------------
Cell pin lists are equivalent.
Device classes nor2_b and nor2_b are equivalent.
Circuits match uniquely.
