
Subcircuit summary:
Circuit 1: xor2x1                          |Circuit 2: xor2x1                          
-------------------------------------------|-------------------------------------------
pfet (6)                                   |pfet (6)                                   
nfet (6)                                   |nfet (6)                                   
Number of devices: 12                      |Number of devices: 12                      
Number of nets: 11                         |Number of nets: 11                         
---------------------------------------------------------------------------------------
Circuits match uniquely.
Netlists match uniquely.

Subcircuit pins:
Circuit 1: xor2x1                          |Circuit 2: xor2x1                          
-------------------------------------------|-------------------------------------------
b                                          |b                                          
z                                          |z                                          
a                                          |a                                          
vss                                        |vss                                        
vdd                                        |vdd                                        
---------------------------------------------------------------------------------------
Cell pin lists are equivalent.
Device classes xor2x1 and xor2x1 are equivalent.
Circuits match uniquely.
