Netgen 1.5.115 compiled on Tue Feb 12 19:57:21 PST 2019
Warning: netgen command 'global' use fully-qualified name '::netgen::global'
Reading netlist file ../mag/xor2x1.sp
Reading netlist file ../ps/xor2x1.sp
Reading setup file setup.lvs.tcl
No property as found for device nfet
No property ad found for device nfet
No property ps found for device nfet
No property pd found for device nfet
No property as found for device pfet
No property ad found for device pfet
No property ps found for device pfet
No property pd found for device pfet
Error setup.lvs.tcl:4 (ignoring), No such cell!
Warning:  There were errors reading the setup file
Comparison output logged to file xor2x1.comp.log
Logging to file "xor2x1.comp.log" enabled
Contents of circuit 1:  Circuit: 'xor2x1'
Circuit xor2x1 contains 12 device instances.
  Class: pfet                  instances:   6
  Class: nfet                  instances:   6
Circuit contains 12 nets.
Contents of circuit 2:  Circuit: 'xor2x1'
Circuit xor2x1 contains 12 device instances.
  Class: pfet                  instances:   6
  Class: nfet                  instances:   6
Circuit contains 11 nets.

Circuit 1 contains 12 devices, Circuit 2 contains 12 devices.
Circuit 1 contains 11 nets,    Circuit 2 contains 11 nets.

Netlists match uniquely.
Result: Circuits match uniquely.
Logging to file "xor2x1.comp.log" disabled
LVS Done.
Circuits match uniquely.
